<?xml version="1.0" encoding="UTF-8"?>
<!-- Generated by org.testng.reporters.JUnitXMLReporter -->
<testsuite hostname="Deepaks-MacBook-Pro-3.local" name="Default test" tests="5" failures="0" timestamp="1 Sep 2016 05:23:38 GMT" time="10.654" errors="0">
  <testcase name="launchWebApp" time="1.932" classname="com.app.automation.WebPageAutomation"/>
  <testcase name="testMobilePage" time="0.404" classname="com.app.automation.WebPageAutomation"/>
  <testcase name="verifyItemSortByName" time="0.399" classname="com.app.automation.WebPageAutomation"/>
  <testcase name="compareItemPrice" time="1.36" classname="com.app.automation.WebPageAutomation"/>
  <testcase name="verifyAddCartItems" time="2.28" classname="com.app.automation.WebPageAutomation"/>
</testsuite> <!-- Default test -->
