<?xml version="1.0" encoding="UTF-8"?>
<!-- Generated by org.testng.reporters.JUnitXMLReporter -->
<testsuite hostname="Deepaks-MacBook-Pro-3.local" name="Test" tests="5" failures="0" timestamp="1 Sep 2016 05:24:54 GMT" time="11.412" errors="0">
  <testcase name="launchWebApp" time="2.762" classname="com.app.automation.WebPageAutomation"/>
  <testcase name="testMobilePage" time="0.415" classname="com.app.automation.WebPageAutomation"/>
  <testcase name="verifyItemSortByName" time="0.397" classname="com.app.automation.WebPageAutomation"/>
  <testcase name="compareItemPrice" time="1.07" classname="com.app.automation.WebPageAutomation"/>
  <testcase name="verifyAddCartItems" time="2.429" classname="com.app.automation.WebPageAutomation"/>
</testsuite> <!-- Test -->
