<?xml version="1.0" encoding="UTF-8"?>
<testng-results skipped="0" failed="0" total="0" passed="0">
  <reporter-output>
  </reporter-output>
  <suite name="com.app.hq.AppTest" duration-ms="2" started-at="2016-08-30T04:19:21Z" finished-at="2016-08-30T04:19:21Z">
    <groups>
    </groups>
    <test name="Command line test" duration-ms="2" started-at="2016-08-30T04:19:21Z" finished-at="2016-08-30T04:19:21Z">
    </test> <!-- Command line test -->
  </suite> <!-- com.app.hq.AppTest -->
</testng-results>
